# JRE version: 7.0_21-b02
# Java VM: OpenJDK 64-Bit Server VM (23.7-b01 mixed mode linux-amd64 compressed oops)
Heap
 PSYoungGen      total 27456K, used 8463K [0x00000000e1600000, 0x00000000e34a0000, 0x0000000100000000)
  eden space 23552K, 22% used [0x00000000e1600000,0x00000000e1b1fd30,0x00000000e2d00000)
  from space 3904K, 82% used [0x00000000e30d0000,0x00000000e33f4010,0x00000000e34a0000)
  to   space 3904K, 0% used [0x00000000e2d00000,0x00000000e2d00000,0x00000000e30d0000)
 ParOldGen       total 62720K, used 24K [0x00000000a4200000, 0x00000000a7f40000, 0x00000000e1600000)
  object space 62720K, 0% used [0x00000000a4200000,0x00000000a4206000,0x00000000a7f40000)
 PSPermGen       total 21248K, used 3856K [0x0000000099c00000, 0x000000009b0c0000, 0x00000000a4200000)
  object space 21248K, 18% used [0x0000000099c00000,0x0000000099fc4198,0x000000009b0c0000)
GC Heap History (8 events):
Event: 1.102 GC heap before
{Heap before GC invocations=1 (full 0):
 PSYoungGen      total 27456K, used 23552K [0x00000000e1600000, 0x00000000e34a0000, 0x0000000100000000)
  eden space 23552K, 100% used [0x00000000e1600000,0x00000000e2d00000,0x00000000e2d00000)
  from space 3904K, 0% used [0x00000000e30d0000,0x00000000e30d0000,0x00000000e34a0000)
  to   space 3904K, 0% used [0x00000000e2d00000,0x00000000e2d00000,0x00000000e30d0000)
 ParOldGen       total 62720K, used 0K [0x00000000a4200000, 0x00000000a7f40000, 0x00000000e1600000)
  object space 62720K, 0% used [0x00000000a4200000,0x00000000a4200000,0x00000000a7f40000)
 PSPermGen       total 21248K, used 3789K [0x0000000099c00000, 0x000000009b0c0000, 0x00000000a4200000)
  object space 21248K, 17% used [0x0000000099c00000,0x0000000099fb3750,0x000000009b0c0000)
Event: 1.106 GC heap after
Heap after GC invocations=1 (full 0):
 PSYoungGen      total 27456K, used 1316K [0x00000000e1600000, 0x00000000e34a0000, 0x0000000100000000)
  eden space 23552K, 0% used [0x00000000e1600000,0x00000000e1600000,0x00000000e2d00000)
  from space 3904K, 33% used [0x00000000e2d00000,0x00000000e2e492c0,0x00000000e30d0000)
  to   space 3904K, 0% used [0x00000000e30d0000,0x00000000e30d0000,0x00000000e34a0000)
 ParOldGen       total 62720K, used 8K [0x00000000a4200000, 0x00000000a7f40000, 0x00000000e1600000)
  object space 62720K, 0% used [0x00000000a4200000,0x00000000a4202000,0x00000000a7f40000)
 PSPermGen       total 21248K, used 3789K [0x0000000099c00000, 0x000000009b0c0000, 0x00000000a4200000)
  object space 21248K, 17% used [0x0000000099c00000,0x0000000099fb3750,0x000000009b0c0000)
}
Event: 2.373 GC heap before
{Heap before GC invocations=2 (full 0):
 PSYoungGen      total 27456K, used 24868K [0x00000000e1600000, 0x00000000e34a0000, 0x0000000100000000)
  eden space 23552K, 100% used [0x00000000e1600000,0x00000000e2d00000,0x00000000e2d00000)
  from space 3904K, 33% used [0x00000000e2d00000,0x00000000e2e492c0,0x00000000e30d0000)
  to   space 3904K, 0% used [0x00000000e30d0000,0x00000000e30d0000,0x00000000e34a0000)
 ParOldGen       total 62720K, used 8K [0x00000000a4200000, 0x00000000a7f40000, 0x00000000e1600000)
  object space 62720K, 0% used [0x00000000a4200000,0x00000000a4202000,0x00000000a7f40000)
 PSPermGen       total 21248K, used 3804K [0x0000000099c00000, 0x000000009b0c0000, 0x00000000a4200000)
  object space 21248K, 17% used [0x0000000099c00000,0x0000000099fb70f0,0x000000009b0c0000)
Event: 2.376 GC heap after
Heap after GC invocations=2 (full 0):
 PSYoungGen      total 27456K, used 1680K [0x00000000e1600000, 0x00000000e34a0000, 0x0000000100000000)
  eden space 23552K, 0% used [0x00000000e1600000,0x00000000e1600000,0x00000000e2d00000)
  from space 3904K, 43% used [0x00000000e30d0000,0x00000000e3274030,0x00000000e34a0000)
  to   space 3904K, 0% used [0x00000000e2d00000,0x00000000e2d00000,0x00000000e30d0000)
 ParOldGen       total 62720K, used 16K [0x00000000a4200000, 0x00000000a7f40000, 0x00000000e1600000)
  object space 62720K, 0% used [0x00000000a4200000,0x00000000a4204000,0x00000000a7f40000)
 PSPermGen       total 21248K, used 3804K [0x0000000099c00000, 0x000000009b0c0000, 0x00000000a4200000)
  object space 21248K, 17% used [0x0000000099c00000,0x0000000099fb70f0,0x000000009b0c0000)
}
Event: 3.025 GC heap before
{Heap before GC invocations=3 (full 0):
 PSYoungGen      total 27456K, used 25232K [0x00000000e1600000, 0x00000000e34a0000, 0x0000000100000000)
  eden space 23552K, 100% used [0x00000000e1600000,0x00000000e2d00000,0x00000000e2d00000)
  from space 3904K, 43% used [0x00000000e30d0000,0x00000000e3274030,0x00000000e34a0000)
  to   space 3904K, 0% used [0x00000000e2d00000,0x00000000e2d00000,0x00000000e30d0000)
 ParOldGen       total 62720K, used 16K [0x00000000a4200000, 0x00000000a7f40000, 0x00000000e1600000)
  object space 62720K, 0% used [0x00000000a4200000,0x00000000a4204000,0x00000000a7f40000)
 PSPermGen       total 21248K, used 3851K [0x0000000099c00000, 0x000000009b0c0000, 0x00000000a4200000)
  object space 21248K, 18% used [0x0000000099c00000,0x0000000099fc2d00,0x000000009b0c0000)
Event: 3.028 GC heap after
Heap after GC invocations=3 (full 0):
 PSYoungGen      total 27456K, used 2352K [0x00000000e1600000, 0x00000000e34a0000, 0x0000000100000000)
  eden space 23552K, 0% used [0x00000000e1600000,0x00000000e1600000,0x00000000e2d00000)
  from space 3904K, 60% used [0x00000000e2d00000,0x00000000e2f4c030,0x00000000e30d0000)
  to   space 3904K, 0% used [0x00000000e30d0000,0x00000000e30d0000,0x00000000e34a0000)
 ParOldGen       total 62720K, used 16K [0x00000000a4200000, 0x00000000a7f40000, 0x00000000e1600000)
  object space 62720K, 0% used [0x00000000a4200000,0x00000000a4204000,0x00000000a7f40000)
 PSPermGen       total 21248K, used 3851K [0x0000000099c00000, 0x000000009b0c0000, 0x00000000a4200000)
  object space 21248K, 18% used [0x0000000099c00000,0x0000000099fc2d00,0x000000009b0c0000)
}
Event: 3.639 GC heap before
{Heap before GC invocations=4 (full 0):
 PSYoungGen      total 27456K, used 25904K [0x00000000e1600000, 0x00000000e34a0000, 0x0000000100000000)
  eden space 23552K, 100% used [0x00000000e1600000,0x00000000e2d00000,0x00000000e2d00000)
  from space 3904K, 60% used [0x00000000e2d00000,0x00000000e2f4c030,0x00000000e30d0000)
  to   space 3904K, 0% used [0x00000000e30d0000,0x00000000e30d0000,0x00000000e34a0000)
 ParOldGen       total 62720K, used 16K [0x00000000a4200000, 0x00000000a7f40000, 0x00000000e1600000)
  object space 62720K, 0% used [0x00000000a4200000,0x00000000a4204000,0x00000000a7f40000)
 PSPermGen       total 21248K, used 3854K [0x0000000099c00000, 0x000000009b0c0000, 0x00000000a4200000)
  object space 21248K, 18% used [0x0000000099c00000,0x0000000099fc3b50,0x000000009b0c0000)
Event: 3.644 GC heap after
Heap after GC invocations=4 (full 0):
 PSYoungGen      total 27456K, used 3216K [0x00000000e1600000, 0x00000000e34a0000, 0x0000000100000000)
  eden space 23552K, 0% used [0x00000000e1600000,0x00000000e1600000,0x00000000e2d00000)
  from space 3904K, 82% used [0x00000000e30d0000,0x00000000e33f4010,0x00000000e34a0000)
  to   space 3904K, 0% used [0x00000000e2d00000,0x00000000e2d00000,0x00000000e30d0000)
 ParOldGen       total 62720K, used 24K [0x00000000a4200000, 0x00000000a7f40000, 0x00000000e1600000)
  object space 62720K, 0% used [0x00000000a4200000,0x00000000a4206000,0x00000000a7f40000)
 PSPermGen       total 21248K, used 3854K [0x0000000099c00000, 0x000000009b0c0000, 0x00000000a4200000)
  object space 21248K, 18% used [0x0000000099c00000,0x0000000099fc3b50,0x000000009b0c0000)
}

