# JRE version: 7.0_21-b02
# Java VM: OpenJDK 64-Bit Server VM (23.7-b01 mixed mode linux-amd64 compressed oops)
Heap
 PSYoungGen      total 27456K, used 20888K [0x00000000e1600000, 0x00000000e34a0000, 0x0000000100000000)
  eden space 23552K, 74% used [0x00000000e1600000,0x00000000e273a3b8,0x00000000e2d00000)
  from space 3904K, 83% used [0x00000000e30d0000,0x00000000e33fc030,0x00000000e34a0000)
  to   space 3904K, 0% used [0x00000000e2d00000,0x00000000e2d00000,0x00000000e30d0000)
 ParOldGen       total 62720K, used 32K [0x00000000a4200000, 0x00000000a7f40000, 0x00000000e1600000)
  object space 62720K, 0% used [0x00000000a4200000,0x00000000a4208000,0x00000000a7f40000)
 PSPermGen       total 21248K, used 3861K [0x0000000099c00000, 0x000000009b0c0000, 0x00000000a4200000)
  object space 21248K, 18% used [0x0000000099c00000,0x0000000099fc54d8,0x000000009b0c0000)
GC Heap History (8 events):
Event: 1.512 GC heap before
{Heap before GC invocations=1 (full 0):
 PSYoungGen      total 27456K, used 23552K [0x00000000e1600000, 0x00000000e34a0000, 0x0000000100000000)
  eden space 23552K, 100% used [0x00000000e1600000,0x00000000e2d00000,0x00000000e2d00000)
  from space 3904K, 0% used [0x00000000e30d0000,0x00000000e30d0000,0x00000000e34a0000)
  to   space 3904K, 0% used [0x00000000e2d00000,0x00000000e2d00000,0x00000000e30d0000)
 ParOldGen       total 62720K, used 0K [0x00000000a4200000, 0x00000000a7f40000, 0x00000000e1600000)
  object space 62720K, 0% used [0x00000000a4200000,0x00000000a4200000,0x00000000a7f40000)
 PSPermGen       total 21248K, used 3785K [0x0000000099c00000, 0x000000009b0c0000, 0x00000000a4200000)
  object space 21248K, 17% used [0x0000000099c00000,0x0000000099fb26a0,0x000000009b0c0000)
Event: 1.515 GC heap after
Heap after GC invocations=1 (full 0):
 PSYoungGen      total 27456K, used 1607K [0x00000000e1600000, 0x00000000e34a0000, 0x0000000100000000)
  eden space 23552K, 0% used [0x00000000e1600000,0x00000000e1600000,0x00000000e2d00000)
  from space 3904K, 41% used [0x00000000e2d00000,0x00000000e2e91cb0,0x00000000e30d0000)
  to   space 3904K, 0% used [0x00000000e30d0000,0x00000000e30d0000,0x00000000e34a0000)
 ParOldGen       total 62720K, used 8K [0x00000000a4200000, 0x00000000a7f40000, 0x00000000e1600000)
  object space 62720K, 0% used [0x00000000a4200000,0x00000000a4202000,0x00000000a7f40000)
 PSPermGen       total 21248K, used 3785K [0x0000000099c00000, 0x000000009b0c0000, 0x00000000a4200000)
  object space 21248K, 17% used [0x0000000099c00000,0x0000000099fb26a0,0x000000009b0c0000)
}
Event: 2.732 GC heap before
{Heap before GC invocations=2 (full 0):
 PSYoungGen      total 27456K, used 25159K [0x00000000e1600000, 0x00000000e34a0000, 0x0000000100000000)
  eden space 23552K, 100% used [0x00000000e1600000,0x00000000e2d00000,0x00000000e2d00000)
  from space 3904K, 41% used [0x00000000e2d00000,0x00000000e2e91cb0,0x00000000e30d0000)
  to   space 3904K, 0% used [0x00000000e30d0000,0x00000000e30d0000,0x00000000e34a0000)
 ParOldGen       total 62720K, used 8K [0x00000000a4200000, 0x00000000a7f40000, 0x00000000e1600000)
  object space 62720K, 0% used [0x00000000a4200000,0x00000000a4202000,0x00000000a7f40000)
 PSPermGen       total 21248K, used 3804K [0x0000000099c00000, 0x000000009b0c0000, 0x00000000a4200000)
  object space 21248K, 17% used [0x0000000099c00000,0x0000000099fb7030,0x000000009b0c0000)
Event: 2.735 GC heap after
Heap after GC invocations=2 (full 0):
 PSYoungGen      total 27456K, used 1824K [0x00000000e1600000, 0x00000000e34a0000, 0x0000000100000000)
  eden space 23552K, 0% used [0x00000000e1600000,0x00000000e1600000,0x00000000e2d00000)
  from space 3904K, 46% used [0x00000000e30d0000,0x00000000e3298020,0x00000000e34a0000)
  to   space 3904K, 0% used [0x00000000e2d00000,0x00000000e2d00000,0x00000000e30d0000)
 ParOldGen       total 62720K, used 16K [0x00000000a4200000, 0x00000000a7f40000, 0x00000000e1600000)
  object space 62720K, 0% used [0x00000000a4200000,0x00000000a4204000,0x00000000a7f40000)
 PSPermGen       total 21248K, used 3804K [0x0000000099c00000, 0x000000009b0c0000, 0x00000000a4200000)
  object space 21248K, 17% used [0x0000000099c00000,0x0000000099fb7030,0x000000009b0c0000)
}
Event: 3.887 GC heap before
{Heap before GC invocations=3 (full 0):
 PSYoungGen      total 27456K, used 25376K [0x00000000e1600000, 0x00000000e34a0000, 0x0000000100000000)
  eden space 23552K, 100% used [0x00000000e1600000,0x00000000e2d00000,0x00000000e2d00000)
  from space 3904K, 46% used [0x00000000e30d0000,0x00000000e3298020,0x00000000e34a0000)
  to   space 3904K, 0% used [0x00000000e2d00000,0x00000000e2d00000,0x00000000e30d0000)
 ParOldGen       total 62720K, used 16K [0x00000000a4200000, 0x00000000a7f40000, 0x00000000e1600000)
  object space 62720K, 0% used [0x00000000a4200000,0x00000000a4204000,0x00000000a7f40000)
 PSPermGen       total 21248K, used 3850K [0x0000000099c00000, 0x000000009b0c0000, 0x00000000a4200000)
  object space 21248K, 18% used [0x0000000099c00000,0x0000000099fc2b48,0x000000009b0c0000)
Event: 3.890 GC heap after
Heap after GC invocations=3 (full 0):
 PSYoungGen      total 27456K, used 2480K [0x00000000e1600000, 0x00000000e34a0000, 0x0000000100000000)
  eden space 23552K, 0% used [0x00000000e1600000,0x00000000e1600000,0x00000000e2d00000)
  from space 3904K, 63% used [0x00000000e2d00000,0x00000000e2f6c010,0x00000000e30d0000)
  to   space 3904K, 0% used [0x00000000e30d0000,0x00000000e30d0000,0x00000000e34a0000)
 ParOldGen       total 62720K, used 24K [0x00000000a4200000, 0x00000000a7f40000, 0x00000000e1600000)
  object space 62720K, 0% used [0x00000000a4200000,0x00000000a4206000,0x00000000a7f40000)
 PSPermGen       total 21248K, used 3850K [0x0000000099c00000, 0x000000009b0c0000, 0x00000000a4200000)
  object space 21248K, 18% used [0x0000000099c00000,0x0000000099fc2b48,0x000000009b0c0000)
}
Event: 4.544 GC heap before
{Heap before GC invocations=4 (full 0):
 PSYoungGen      total 27456K, used 26032K [0x00000000e1600000, 0x00000000e34a0000, 0x0000000100000000)
  eden space 23552K, 100% used [0x00000000e1600000,0x00000000e2d00000,0x00000000e2d00000)
  from space 3904K, 63% used [0x00000000e2d00000,0x00000000e2f6c010,0x00000000e30d0000)
  to   space 3904K, 0% used [0x00000000e30d0000,0x00000000e30d0000,0x00000000e34a0000)
 ParOldGen       total 62720K, used 24K [0x00000000a4200000, 0x00000000a7f40000, 0x00000000e1600000)
  object space 62720K, 0% used [0x00000000a4200000,0x00000000a4206000,0x00000000a7f40000)
 PSPermGen       total 21248K, used 3855K [0x0000000099c00000, 0x000000009b0c0000, 0x00000000a4200000)
  object space 21248K, 18% used [0x0000000099c00000,0x0000000099fc3c30,0x000000009b0c0000)
Event: 4.548 GC heap after
Heap after GC invocations=4 (full 0):
 PSYoungGen      total 27456K, used 3248K [0x00000000e1600000, 0x00000000e34a0000, 0x0000000100000000)
  eden space 23552K, 0% used [0x00000000e1600000,0x00000000e1600000,0x00000000e2d00000)
  from space 3904K, 83% used [0x00000000e30d0000,0x00000000e33fc030,0x00000000e34a0000)
  to   space 3904K, 0% used [0x00000000e2d00000,0x00000000e2d00000,0x00000000e30d0000)
 ParOldGen       total 62720K, used 32K [0x00000000a4200000, 0x00000000a7f40000, 0x00000000e1600000)
  object space 62720K, 0% used [0x00000000a4200000,0x00000000a4208000,0x00000000a7f40000)
 PSPermGen       total 21248K, used 3855K [0x0000000099c00000, 0x000000009b0c0000, 0x00000000a4200000)
  object space 21248K, 18% used [0x0000000099c00000,0x0000000099fc3c30,0x000000009b0c0000)
}

